
> vibe-generated-app@1.0.0 dev
> vite


  VITE v5.4.20  ready in 234 ms

  ➜  Local:   http://localhost:3000/
  ➜  Network: http://172.20.42.206:3000/
6:57:43 PM [vite] Pre-transform error: Transform failed with 1 error:
/home/workspace/src/components/Keyboard.jsx:9:75: ERROR: Unterminated string literal
6:57:44 PM [vite] Internal server error: Transform failed with 1 error:
/home/workspace/src/components/Keyboard.jsx:9:75: ERROR: Unterminated string literal
  Plugin: vite:esbuild
  File: /home/workspace/src/components/Keyboard.jsx:9:75
  
  Unterminated string literal
  7  |    ['esc','1','2','3','4','5','6','7','8','9','0','-','=', 'backspace'],
  8  |    ['tab','q','w','e','r','t','y','u','i','o','p','[',']','\\'],
  9  |    ['caps','a','s','d','f','g','h','j','k','l',';','"'".slice(0,1),'enter'],
     |                                                                             ^
  10 |    ['shift','z','x','c','v','b','n','m',',','.','/','shift'],
  11 |    ['ctrl','win','alt','space','alt','fn','menu','ctrl']
  
      at failureErrorWithLog (/home/workspace/node_modules/esbuild/lib/main.js:1472:15)
      at /home/workspace/node_modules/esbuild/lib/main.js:755:50
      at responseCallbacks.<computed> (/home/workspace/node_modules/esbuild/lib/main.js:622:9)
      at handleIncomingPacket (/home/workspace/node_modules/esbuild/lib/main.js:677:12)
      at Socket.readFromStdout (/home/workspace/node_modules/esbuild/lib/main.js:600:7)
      at Socket.emit (node:events:508:28)
      at addChunk (node:internal/streams/readable:559:12)
      at readableAddChunkPushByteMode (node:internal/streams/readable:510:3)
      at Readable.push (node:internal/streams/readable:390:5)
      at Pipe.onStreamRead (node:internal/stream_base_commons:189:23)
6:57:59 PM [vite] Internal server error: Transform failed with 1 error:
/home/workspace/src/components/Keyboard.jsx:9:75: ERROR: Unterminated string literal
  Plugin: vite:esbuild
  File: /home/workspace/src/components/Keyboard.jsx:9:75
  
  Unterminated string literal
  7  |    ['esc','1','2','3','4','5','6','7','8','9','0','-','=', 'backspace'],
  8  |    ['tab','q','w','e','r','t','y','u','i','o','p','[',']','\\'],
  9  |    ['caps','a','s','d','f','g','h','j','k','l',';','"'".slice(0,1),'enter'],
     |                                                                             ^
  10 |    ['shift','z','x','c','v','b','n','m',',','.','/','shift'],
  11 |    ['ctrl','win','alt','space','alt','fn','menu','ctrl']
  
      at failureErrorWithLog (/home/workspace/node_modules/esbuild/lib/main.js:1472:15)
      at /home/workspace/node_modules/esbuild/lib/main.js:755:50
      at responseCallbacks.<computed> (/home/workspace/node_modules/esbuild/lib/main.js:622:9)
      at handleIncomingPacket (/home/workspace/node_modules/esbuild/lib/main.js:677:12)
      at Socket.readFromStdout (/home/workspace/node_modules/esbuild/lib/main.js:600:7)
      at Socket.emit (node:events:508:28)
      at addChunk (node:internal/streams/readable:559:12)
      at readableAddChunkPushByteMode (node:internal/streams/readable:510:3)
      at Readable.push (node:internal/streams/readable:390:5)
      at Pipe.onStreamRead (node:internal/stream_base_commons:189:23)
